<?xml version="1.0" encoding="UTF-8"?>
<testsuite xmlns:xsi="http://www.w3.org/2001/XMLSchema-instance" xsi:noNamespaceSchemaLocation="https://maven.apache.org/surefire/maven-surefire-plugin/xsd/surefire-test-report-3.0.xsd" version="3.0" name="TestSuite" time="10.106" tests="1" errors="0" skipped="0" failures="1">
  <properties>
[...]
</properties>
  <testcase name="runScenario[&quot;User opens &apos;My Info&apos; in a new tab and switches to the new tab.&quot;, &quot;Login scenario for OrangeHRM&quot;](1)" classname="org.example.runner.CucumberRunner" time="6.672">
    <failure message="Page not available" type="java.lang.AssertionError"><![CDATA[java.lang.AssertionError: Page not available
	at org.testng.Assert.fail(Assert.java:94)
	at org.example.stepdefinations.OrangeStepDef.userShouldBeInPersonalDetailsTab(OrangeStepDef.java:172)
	at ✽.User should be in Personal Details tab(file:///Users/bibekamatya/ITSutra/Framework/selenium_framework/src/test/resources/features/orange.feature:42)
]]></failure>
    <system-out><![CDATA[
@OrangeHRM_MyInfo_NewTab
Scenario: User opens 'My Info' in a new tab and switches to the new tab.                       &amp#27;[90m# src/test/resources/features/orange.feature:39&amp#27;[0m
  &amp#27;[32mGiven &amp#27;[0m&amp#27;[32mUser launches URL &amp#27;[0m&amp#27;[32m&amp#27;[1m"https://opensource-demo.orangehrmlive.com/web/index.php/auth/login"&amp#27;[0m &amp#27;[90m# org.example.stepdefinations.OrangeStepDef.user_launches_url(java.lang.String)&amp#27;[0m
  &amp#27;[32mWhen &amp#27;[0m&amp#27;[32mUsers enters username &amp#27;[0m&amp#27;[32m&amp#27;[1m"Admin"&amp#27;[0m                                                           &amp#27;[90m# org.example.stepdefinations.OrangeStepDef.users_enters_username(java.lang.String)&amp#27;[0m
  &amp#27;[32mAnd &amp#27;[0m&amp#27;[32mUsers enters password &amp#27;[0m&amp#27;[32m&amp#27;[1m"admin123"&amp#27;[0m                                                         &amp#27;[90m# org.example.stepdefinations.OrangeStepDef.users_enters_password(java.lang.String)&amp#27;[0m
  &amp#27;[32mAnd &amp#27;[0m&amp#27;[32mUser clicks on Login&amp#27;[0m                                                                     &amp#27;[90m# org.example.stepdefinations.OrangeStepDef.user_clicks_on_login()&amp#27;[0m
User logged in name: Bob Tester
  &amp#27;[32mThen &amp#27;[0m&amp#27;[32mUser should be able navigate Homepage&amp#27;[0m                                                   &amp#27;[90m# org.example.stepdefinations.OrangeStepDef.user_should_be_able_navigate_homepage()&amp#27;[0m
ParentWindowID: 438411BA39032D81D8CA97F3607C9436
  &amp#27;[32mWhen &amp#27;[0m&amp#27;[32mUser navigates to My Info section and opens link in new tab&amp#27;[0m                             &amp#27;[90m# org.example.stepdefinations.OrangeStepDef.user_navigates_to_my_info_section_and_opens_link_in_new_tab()&amp#27;[0m
ChildWindoID: AD92678B194D9A1CF1011976A15180FC
  &amp#27;[32mAnd &amp#27;[0m&amp#27;[32mUser switches the window to new tab&amp#27;[0m                                                      &amp#27;[90m# org.example.stepdefinations.OrangeStepDef.user_switches_the_window_to_new_tab()&amp#27;[0m
  &amp#27;[31mThen &amp#27;[0m&amp#27;[31mUser should be in Personal Details tab&amp#27;[0m                                                  &amp#27;[90m# org.example.stepdefinations.OrangeStepDef.userShouldBeInPersonalDetailsTab()&amp#27;[0m
      &amp#27;[31mjava.lang.AssertionError: Page not available
	at org.testng.Assert.fail(Assert.java:94)
	at org.example.stepdefinations.OrangeStepDef.userShouldBeInPersonalDetailsTab(OrangeStepDef.java:172)
	at ✽.User should be in Personal Details tab(file:///Users/bibekamatya/ITSutra/Framework/selenium_framework/src/test/resources/features/orange.feature:42)
&amp#27;[0m
]]></system-out>
    <system-err><![CDATA[SLF4J(W): No SLF4J providers were found.
SLF4J(W): Defaulting to no-operation (NOP) logger implementation
SLF4J(W): See https://www.slf4j.org/codes.html#noProviders for further details.
Mar 03, 2024 1:01:56 PM org.openqa.selenium.devtools.CdpVersionFinder findNearestMatch
WARNING: Unable to find an exact match for CDP version 122, returning the closest version; found: 120; Please update to a Selenium version that supports CDP version 122
]]></system-err>
  </testcase>
</testsuite>