<?xml version="1.0" encoding="UTF-8"?>
<!-- Generated by org.testng.reporters.JUnitReportReporter -->
<testsuite hostname="Bibeks-MBP.lan" failures="1" tests="1" name="org.example.runner.CucumberRunner" time="6.671" errors="0" timestamp="3 Mar 2024 19:02:03 GMT">
  <testcase classname="org.example.runner.CucumberRunner" name="runScenario" time="6.671">
    <failure message="Page not available" type="java.lang.AssertionError">
      <![CDATA[java.lang.AssertionError: Page not available
	at org.testng.Assert.fail(Assert.java:94)
	at org.example.stepdefinations.OrangeStepDef.userShouldBeInPersonalDetailsTab(OrangeStepDef.java:172)
	at ✽.User should be in Personal Details tab(file:///Users/bibekamatya/ITSutra/Framework/selenium_framework/src/test/resources/features/orange.feature:42)
]]>
    </failure>
  </testcase> <!-- runScenario -->
</testsuite> <!-- org.example.runner.CucumberRunner -->
